0 info it worked if it ends with ok
1 verbose cli [ '/Users/master/.nvm/versions/node/v7.4.0/bin/node',
1 verbose cli   '/Users/master/.nvm/versions/node/v7.4.0/bin/npm',
1 verbose cli   'start' ]
2 info using npm@4.1.1
3 info using node@v7.4.0
4 verbose run-script [ 'prestart', 'start', 'poststart' ]
5 info lifecycle hello-sqlite@0.0.1~prestart: hello-sqlite@0.0.1
6 silly lifecycle hello-sqlite@0.0.1~prestart: no script for prestart, continuing
7 info lifecycle hello-sqlite@0.0.1~start: hello-sqlite@0.0.1
8 verbose lifecycle hello-sqlite@0.0.1~start: unsafe-perm in lifecycle true
9 verbose lifecycle hello-sqlite@0.0.1~start: PATH: /Users/master/.nvm/versions/node/v7.4.0/lib/node_modules/npm/bin/node-gyp-bin:/Users/master/Documents/open-philosophy/poc-by-fabien/node_modules/.bin:/Users/master/anaconda3/bin:/Users/master/.rvm/gems/ruby-2.4.0/bin:/Users/master/.rvm/gems/ruby-2.4.0@global/bin:/Users/master/.rvm/rubies/ruby-2.4.0/bin:/Users/master/.nvm/versions/node/v7.4.0/bin:/Users/master/Documents/research/torch/install/bin/luajit:/Users/master/Documents/research/torch/install/bin/:home/user/torch/install/bin/:/Users/master/Documents/research/torch/install/bin/torch-activate:/usr/local/bin:/usr/bin:/bin:/usr/sbin:/sbin:/opt/X11/bin:/Users/master/.rvm/bin
10 verbose lifecycle hello-sqlite@0.0.1~start: CWD: /Users/master/Documents/open-philosophy/poc-by-fabien
11 silly lifecycle hello-sqlite@0.0.1~start: Args: [ '-c', 'node server.js' ]
12 silly lifecycle hello-sqlite@0.0.1~start: Returned: code: 1  signal: null
13 info lifecycle hello-sqlite@0.0.1~start: Failed to exec start script
14 verbose stack Error: hello-sqlite@0.0.1 start: `node server.js`
14 verbose stack Exit status 1
14 verbose stack     at EventEmitter.<anonymous> (/Users/master/.nvm/versions/node/v7.4.0/lib/node_modules/npm/lib/utils/lifecycle.js:279:16)
14 verbose stack     at emitTwo (events.js:106:13)
14 verbose stack     at EventEmitter.emit (events.js:191:7)
14 verbose stack     at ChildProcess.<anonymous> (/Users/master/.nvm/versions/node/v7.4.0/lib/node_modules/npm/lib/utils/spawn.js:40:14)
14 verbose stack     at emitTwo (events.js:106:13)
14 verbose stack     at ChildProcess.emit (events.js:191:7)
14 verbose stack     at maybeClose (internal/child_process.js:885:16)
14 verbose stack     at Process.ChildProcess._handle.onexit (internal/child_process.js:226:5)
15 verbose pkgid hello-sqlite@0.0.1
16 verbose cwd /Users/master/Documents/open-philosophy/poc-by-fabien
17 error Darwin 18.0.0
18 error argv "/Users/master/.nvm/versions/node/v7.4.0/bin/node" "/Users/master/.nvm/versions/node/v7.4.0/bin/npm" "start"
19 error node v7.4.0
20 error npm  v4.1.1
21 error code ELIFECYCLE
22 error hello-sqlite@0.0.1 start: `node server.js`
22 error Exit status 1
23 error Failed at the hello-sqlite@0.0.1 start script 'node server.js'.
23 error Make sure you have the latest version of node.js and npm installed.
23 error If you do, this is most likely a problem with the hello-sqlite package,
23 error not with npm itself.
23 error Tell the author that this fails on your system:
23 error     node server.js
23 error You can get information on how to open an issue for this project with:
23 error     npm bugs hello-sqlite
23 error Or if that isn't available, you can get their info via:
23 error     npm owner ls hello-sqlite
23 error There is likely additional logging output above.
24 verbose exit [ 1, true ]
